(node:11346) [DEP0040] DeprecationWarning: The `punycode` module is deprecated. Please use a userland alternative instead.
(Use `node --trace-deprecation ...` to show where the warning was created)
[36m[1mi  emulators:[22m[39m Starting emulators: auth, firestore
[33m[1mâš   firestore:[22m[39m Cloud Firestore Emulator does not support multiple databases yet.
[33m[1mâš   firestore:[22m[39m Did not find a Cloud Firestore rules file specified in a firebase.json config file.
[33m[1mâš   firestore:[22m[39m The emulator will default to allowing all reads and writes. Learn more about this option: https://firebase.google.com/docs/emulator-suite/install_and_configure#security_rules_configuration.
[36m[1mi  firestore:[22m[39m Firestore Emulator logging to [1mfirestore-debug.log[22m
[32m[1mâœ”  firestore:[22m[39m Firestore Emulator UI websocket is running on 9150.
[36m[1mi  ui:[22m[39m Emulator UI logging to [1mui-debug.log[22m

â”Œâ”€â”€â”€â”€â”€â”€â”€â”€â”€â”€â”€â”€â”€â”€â”€â”€â”€â”€â”€â”€â”€â”€â”€â”€â”€â”€â”€â”€â”€â”€â”€â”€â”€â”€â”€â”€â”€â”€â”€â”€â”€â”€â”€â”€â”€â”€â”€â”€â”€â”€â”€â”€â”€â”€â”€â”€â”€â”€â”€â”€â”€â”
â”‚ [32mâœ”[39m  [1mAll emulators ready! It is now safe to connect your app.[22m â”‚
â”‚ [36mi[39m  View Emulator UI at [4m[1mhttp://127.0.0.1:4000/[22m[24m               â”‚
â””â”€â”€â”€â”€â”€â”€â”€â”€â”€â”€â”€â”€â”€â”€â”€â”€â”€â”€â”€â”€â”€â”€â”€â”€â”€â”€â”€â”€â”€â”€â”€â”€â”€â”€â”€â”€â”€â”€â”€â”€â”€â”€â”€â”€â”€â”€â”€â”€â”€â”€â”€â”€â”€â”€â”€â”€â”€â”€â”€â”€â”€â”˜

â”Œâ”€â”€â”€â”€â”€â”€â”€â”€â”€â”€â”€â”€â”€â”€â”€â”€â”¬â”€â”€â”€â”€â”€â”€â”€â”€â”€â”€â”€â”€â”€â”€â”€â”€â”¬â”€â”€â”€â”€â”€â”€â”€â”€â”€â”€â”€â”€â”€â”€â”€â”€â”€â”€â”€â”€â”€â”€â”€â”€â”€â”€â”€â”€â”€â”€â”€â”€â”€â”
â”‚ Emulator       â”‚ Host:Port      â”‚ View in Emulator UI             â”‚
â”œâ”€â”€â”€â”€â”€â”€â”€â”€â”€â”€â”€â”€â”€â”€â”€â”€â”¼â”€â”€â”€â”€â”€â”€â”€â”€â”€â”€â”€â”€â”€â”€â”€â”€â”¼â”€â”€â”€â”€â”€â”€â”€â”€â”€â”€â”€â”€â”€â”€â”€â”€â”€â”€â”€â”€â”€â”€â”€â”€â”€â”€â”€â”€â”€â”€â”€â”€â”€â”¤
â”‚ Authentication â”‚ 127.0.0.1:9099 â”‚ [4m[1mhttp://127.0.0.1:4000/auth[22m[24m      â”‚
â”œâ”€â”€â”€â”€â”€â”€â”€â”€â”€â”€â”€â”€â”€â”€â”€â”€â”¼â”€â”€â”€â”€â”€â”€â”€â”€â”€â”€â”€â”€â”€â”€â”€â”€â”¼â”€â”€â”€â”€â”€â”€â”€â”€â”€â”€â”€â”€â”€â”€â”€â”€â”€â”€â”€â”€â”€â”€â”€â”€â”€â”€â”€â”€â”€â”€â”€â”€â”€â”¤
â”‚ Firestore      â”‚ 127.0.0.1:8080 â”‚ [4m[1mhttp://127.0.0.1:4000/firestore[22m[24m â”‚
â””â”€â”€â”€â”€â”€â”€â”€â”€â”€â”€â”€â”€â”€â”€â”€â”€â”´â”€â”€â”€â”€â”€â”€â”€â”€â”€â”€â”€â”€â”€â”€â”€â”€â”´â”€â”€â”€â”€â”€â”€â”€â”€â”€â”€â”€â”€â”€â”€â”€â”€â”€â”€â”€â”€â”€â”€â”€â”€â”€â”€â”€â”€â”€â”€â”€â”€â”€â”˜
[90m  Emulator Hub running at [39m127.0.0.1:4400
[90m  Other reserved ports:[39m 4500, 9150

Issues? Report them at [4m[1mhttps://github.com/firebase/firebase-tools/issues[22m[24m and attach the *-debug.log files.
 
 
[36m[1mi  emulators:[22m[39m Received SIGINT (Ctrl-C) for the first time. Starting a clean shutdown.
[36m[1mi  emulators:[22m[39m Please wait for a clean shutdown or send the SIGINT (Ctrl-C) signal again to stop right now.
[36m[1mi  emulators:[22m[39m Shutting down emulators.
[36m[1mi  ui:[22m[39m Stopping Emulator UI
[33m[1mâš  [22m[39m Emulator UI has exited upon receiving signal: SIGINT
[36m[1mi  firestore:[22m[39m Stopping Firestore Emulator
 
[33m[1mâš   emulators:[22m[39m Received SIGINT (Ctrl-C) 2 times. You have forced the Emulator Suite to exit without waiting for 1 subprocess to finish. These processes [1mmay[22m still be running on your machine: 

â”Œâ”€â”€â”€â”€â”€â”€â”€â”€â”€â”€â”€â”€â”€â”€â”€â”€â”€â”€â”€â”€â”¬â”€â”€â”€â”€â”€â”€â”€â”€â”€â”€â”€â”€â”€â”€â”€â”€â”¬â”€â”€â”€â”€â”€â”€â”€â”
â”‚ Emulator           â”‚ Host:Port      â”‚ PID   â”‚
â”œâ”€â”€â”€â”€â”€â”€â”€â”€â”€â”€â”€â”€â”€â”€â”€â”€â”€â”€â”€â”€â”¼â”€â”€â”€â”€â”€â”€â”€â”€â”€â”€â”€â”€â”€â”€â”€â”€â”¼â”€â”€â”€â”€â”€â”€â”€â”¤
â”‚ Firestore Emulator â”‚ 127.0.0.1:8080 â”‚ 11441 â”‚
â””â”€â”€â”€â”€â”€â”€â”€â”€â”€â”€â”€â”€â”€â”€â”€â”€â”€â”€â”€â”€â”´â”€â”€â”€â”€â”€â”€â”€â”€â”€â”€â”€â”€â”€â”€â”€â”€â”´â”€â”€â”€â”€â”€â”€â”€â”˜

To force them to exit run:

[1mkill 11441
[22m
